2024-03-31 11:57:32 URL:http://archive.ubuntu.com/ubuntu/dists/focal/InRelease [264892/264892] -> "/home/mcneilwsu/s24cicd-cmcneil6/focal/var/lib/apt/lists/partial/archive.ubuntu.com_ubuntu_dists_focal_InRelease" [1]
gpgv: Signature made Thu Apr 23 13:34:17 2020 EDT
gpgv:                using RSA key 3B4FE6ACC0B21F32
gpgv: Good signature from "Ubuntu Archive Automatic Signing Key (2012) <ftpmaster@ubuntu.com>"
gpgv: Signature made Thu Apr 23 13:34:17 2020 EDT
gpgv:                using RSA key 871920D1991BC93C
gpgv: Good signature from "Ubuntu Archive Automatic Signing Key (2018) <ftpmaster@ubuntu.com>"
2024-03-31 11:57:33 URL:http://archive.ubuntu.com/ubuntu/dists/focal/main/binary-amd64/by-hash/SHA256/7757921ff8feed9c3934a0c9936d441ba4a238bee3ea6c8c1df5cbcd43fc9861 [970408/970408] -> "/home/mcneilwsu/s24cicd-cmcneil6/focal/var/lib/apt/lists/partial/archive.ubuntu.com_ubuntu_dists_focal_main_binary-amd64_Packages.xz" [1]
2024-03-31 11:57:34 URL:http://archive.ubuntu.com/ubuntu/pool/main/a/adduser/adduser_3.118ubuntu2_all.deb [162792/162792] -> "/home/mcneilwsu/s24cicd-cmcneil6/focal//var/cache/apt/archives/partial/adduser_3.118ubuntu2_all.deb" [1]
2024-03-31 11:57:34 URL:http://archive.ubuntu.com/ubuntu/pool/main/a/apt/apt_2.0.2_amd64.deb [1288960/1288960] -> "/home/mcneilwsu/s24cicd-cmcneil6/focal//var/cache/apt/archives/partial/apt_2.0.2_amd64.deb" [1]
2024-03-31 11:57:35 URL:http://archive.ubuntu.com/ubuntu/pool/main/a/apt/apt-utils_2.0.2_amd64.deb [213336/213336] -> "/home/mcneilwsu/s24cicd-cmcneil6/focal//var/cache/apt/archives/partial/apt-utils_2.0.2_amd64.deb" [1]
2024-03-31 11:57:35 URL:http://archive.ubuntu.com/ubuntu/pool/main/b/base-files/base-files_11ubuntu5_amd64.deb [60132/60132] -> "/home/mcneilwsu/s24cicd-cmcneil6/focal//var/cache/apt/archives/partial/base-files_11ubuntu5_amd64.deb" [1]
2024-03-31 11:57:35 URL:http://archive.ubuntu.com/ubuntu/pool/main/b/base-passwd/base-passwd_3.5.47_amd64.deb [47736/47736] -> "/home/mcneilwsu/s24cicd-cmcneil6/focal//var/cache/apt/archives/partial/base-passwd_3.5.47_amd64.deb" [1]
2024-03-31 11:57:35 URL:http://archive.ubuntu.com/ubuntu/pool/main/b/bash/bash_5.0-6ubuntu1_amd64.deb [638400/638400] -> "/home/mcneilwsu/s24cicd-cmcneil6/focal//var/cache/apt/archives/partial/bash_5.0-6ubuntu1_amd64.deb" [1]
2024-03-31 11:57:36 URL:http://archive.ubuntu.com/ubuntu/pool/main/u/util-linux/bsdutils_2.34-0.1ubuntu9_amd64.deb [63172/63172] -> "/home/mcneilwsu/s24cicd-cmcneil6/focal//var/cache/apt/archives/partial/bsdutils_1%3a2.34-0.1ubuntu9_amd64.deb" [1]
2024-03-31 11:57:36 URL:http://archive.ubuntu.com/ubuntu/pool/main/b/bzip2/bzip2_1.0.8-2_amd64.deb [34064/34064] -> "/home/mcneilwsu/s24cicd-cmcneil6/focal//var/cache/apt/archives/partial/bzip2_1.0.8-2_amd64.deb" [1]
2024-03-31 11:57:36 URL:http://archive.ubuntu.com/ubuntu/pool/main/c/ca-certificates/ca-certificates_20190110ubuntu1_all.deb [146336/146336] -> "/home/mcneilwsu/s24cicd-cmcneil6/focal//var/cache/apt/archives/partial/ca-certificates_20190110ubuntu1_all.deb" [1]
2024-03-31 11:57:36 URL:http://archive.ubuntu.com/ubuntu/pool/main/c/console-setup/console-setup_1.194ubuntu3_all.deb [99984/99984] -> "/home/mcneilwsu/s24cicd-cmcneil6/focal//var/cache/apt/archives/partial/console-setup_1.194ubuntu3_all.deb" [1]
2024-03-31 11:57:37 URL:http://archive.ubuntu.com/ubuntu/pool/main/c/console-setup/console-setup-linux_1.194ubuntu3_all.deb [1494020/1494020] -> "/home/mcneilwsu/s24cicd-cmcneil6/focal//var/cache/apt/archives/partial/console-setup-linux_1.194ubuntu3_all.deb" [1]
2024-03-31 11:57:37 URL:http://archive.ubuntu.com/ubuntu/pool/main/c/coreutils/coreutils_8.30-3ubuntu2_amd64.deb [1249368/1249368] -> "/home/mcneilwsu/s24cicd-cmcneil6/focal//var/cache/apt/archives/partial/coreutils_8.30-3ubuntu2_amd64.deb" [1]
2024-03-31 11:57:37 URL:http://archive.ubuntu.com/ubuntu/pool/main/c/cron/cron_3.0pl1-136ubuntu1_amd64.deb [71472/71472] -> "/home/mcneilwsu/s24cicd-cmcneil6/focal//var/cache/apt/archives/partial/cron_3.0pl1-136ubuntu1_amd64.deb" [1]
2024-03-31 11:57:38 URL:http://archive.ubuntu.com/ubuntu/pool/main/d/dash/dash_0.5.10.2-6_amd64.deb [86336/86336] -> "/home/mcneilwsu/s24cicd-cmcneil6/focal//var/cache/apt/archives/partial/dash_0.5.10.2-6_amd64.deb" [1]
2024-03-31 11:57:38 URL:http://archive.ubuntu.com/ubuntu/pool/main/d/dbus/dbus_1.12.16-2ubuntu2_amd64.deb [151088/151088] -> "/home/mcneilwsu/s24cicd-cmcneil6/focal//var/cache/apt/archives/partial/dbus_1.12.16-2ubuntu2_amd64.deb" [1]
2024-03-31 11:57:38 URL:http://archive.ubuntu.com/ubuntu/pool/main/d/debconf/debconf_1.5.73_all.deb [121524/121524] -> "/home/mcneilwsu/s24cicd-cmcneil6/focal//var/cache/apt/archives/partial/debconf_1.5.73_all.deb" [1]
2024-03-31 11:57:38 URL:http://archive.ubuntu.com/ubuntu/pool/main/d/debconf/debconf-i18n_1.5.73_all.deb [206284/206284] -> "/home/mcneilwsu/s24cicd-cmcneil6/focal//var/cache/apt/archives/partial/debconf-i18n_1.5.73_all.deb" [1]
2024-03-31 11:57:39 URL:http://archive.ubuntu.com/ubuntu/pool/main/d/debianutils/debianutils_4.9.1_amd64.deb [85776/85776] -> "/home/mcneilwsu/s24cicd-cmcneil6/focal//var/cache/apt/archives/partial/debianutils_4.9.1_amd64.deb" [1]
2024-03-31 11:57:39 URL:http://archive.ubuntu.com/ubuntu/pool/main/d/diffutils/diffutils_3.7-3_amd64.deb [199804/199804] -> "/home/mcneilwsu/s24cicd-cmcneil6/focal//var/cache/apt/archives/partial/diffutils_1%3a3.7-3_amd64.deb" [1]
2024-03-31 11:57:39 URL:http://archive.ubuntu.com/ubuntu/pool/main/d/distro-info-data/distro-info-data_0.43ubuntu1_all.deb [4504/4504] -> "/home/mcneilwsu/s24cicd-cmcneil6/focal//var/cache/apt/archives/partial/distro-info-data_0.43ubuntu1_all.deb" [1]
2024-03-31 11:57:39 URL:http://archive.ubuntu.com/ubuntu/pool/main/l/lvm2/dmsetup_1.02.167-1ubuntu1_amd64.deb [75576/75576] -> "/home/mcneilwsu/s24cicd-cmcneil6/focal//var/cache/apt/archives/partial/dmsetup_2%3a1.02.167-1ubuntu1_amd64.deb" [1]
2024-03-31 11:57:40 URL:http://archive.ubuntu.com/ubuntu/pool/main/d/dpkg/dpkg_1.19.7ubuntu3_amd64.deb [1127856/1127856] -> "/home/mcneilwsu/s24cicd-cmcneil6/focal//var/cache/apt/archives/partial/dpkg_1.19.7ubuntu3_amd64.deb" [1]
2024-03-31 11:57:40 URL:http://archive.ubuntu.com/ubuntu/pool/main/e/e2fsprogs/e2fsprogs_1.45.5-2ubuntu1_amd64.deb [527060/527060] -> "/home/mcneilwsu/s24cicd-cmcneil6/focal//var/cache/apt/archives/partial/e2fsprogs_1.45.5-2ubuntu1_amd64.deb" [1]
2024-03-31 11:57:40 URL:http://archive.ubuntu.com/ubuntu/pool/main/e/eject/eject_2.1.5+deb1+cvs20081104-14_amd64.deb [23760/23760] -> "/home/mcneilwsu/s24cicd-cmcneil6/focal//var/cache/apt/archives/partial/eject_2.1.5+deb1+cvs20081104-14_amd64.deb" [1]
2024-03-31 11:57:41 URL:http://archive.ubuntu.com/ubuntu/pool/main/u/util-linux/fdisk_2.34-0.1ubuntu9_amd64.deb [119712/119712] -> "/home/mcneilwsu/s24cicd-cmcneil6/focal//var/cache/apt/archives/partial/fdisk_2.34-0.1ubuntu9_amd64.deb" [1]
2024-03-31 11:57:41 URL:http://archive.ubuntu.com/ubuntu/pool/main/f/file/file_5.38-4_amd64.deb [23332/23332] -> "/home/mcneilwsu/s24cicd-cmcneil6/focal//var/cache/apt/archives/partial/file_1%3a5.38-4_amd64.deb" [1]
2024-03-31 11:57:41 URL:http://archive.ubuntu.com/ubuntu/pool/main/f/findutils/findutils_4.7.0-1ubuntu1_amd64.deb [329012/329012] -> "/home/mcneilwsu/s24cicd-cmcneil6/focal//var/cache/apt/archives/partial/findutils_4.7.0-1ubuntu1_amd64.deb" [1]
2024-03-31 11:57:41 URL:http://archive.ubuntu.com/ubuntu/pool/main/g/gcc-10/gcc-10-base_10-20200411-0ubuntu1_amd64.deb [19024/19024] -> "/home/mcneilwsu/s24cicd-cmcneil6/focal//var/cache/apt/archives/partial/gcc-10-base_10-20200411-0ubuntu1_amd64.deb" [1]
2024-03-31 11:57:41 URL:http://archive.ubuntu.com/ubuntu/pool/main/g/gobject-introspection/gir1.2-glib-2.0_1.64.0-2_amd64.deb [133944/133944] -> "/home/mcneilwsu/s24cicd-cmcneil6/focal//var/cache/apt/archives/partial/gir1.2-glib-2.0_1.64.0-2_amd64.deb" [1]
2024-03-31 11:57:42 URL:http://archive.ubuntu.com/ubuntu/pool/main/g/gnupg2/gpgv_2.2.19-3ubuntu2_amd64.deb [199804/199804] -> "/home/mcneilwsu/s24cicd-cmcneil6/focal//var/cache/apt/archives/partial/gpgv_2.2.19-3ubuntu2_amd64.deb" [1]
2024-03-31 11:57:42 URL:http://archive.ubuntu.com/ubuntu/pool/main/g/grep/grep_3.4-1_amd64.deb [150796/150796] -> "/home/mcneilwsu/s24cicd-cmcneil6/focal//var/cache/apt/archives/partial/grep_3.4-1_amd64.deb" [1]
2024-03-31 11:57:42 URL:http://archive.ubuntu.com/ubuntu/pool/main/g/gzip/gzip_1.10-0ubuntu4_amd64.deb [95332/95332] -> "/home/mcneilwsu/s24cicd-cmcneil6/focal//var/cache/apt/archives/partial/gzip_1.10-0ubuntu4_amd64.deb" [1]
2024-03-31 11:57:42 URL:http://archive.ubuntu.com/ubuntu/pool/main/h/hostname/hostname_3.23_amd64.deb [11372/11372] -> "/home/mcneilwsu/s24cicd-cmcneil6/focal//var/cache/apt/archives/partial/hostname_3.23_amd64.deb" [1]
2024-03-31 11:57:42 URL:http://archive.ubuntu.com/ubuntu/pool/main/i/init-system-helpers/init_1.57_amd64.deb [6088/6088] -> "/home/mcneilwsu/s24cicd-cmcneil6/focal//var/cache/apt/archives/partial/init_1.57_amd64.deb" [1]
2024-03-31 11:57:42 URL:http://archive.ubuntu.com/ubuntu/pool/main/i/init-system-helpers/init-system-helpers_1.57_all.deb [38260/38260] -> "/home/mcneilwsu/s24cicd-cmcneil6/focal//var/cache/apt/archives/partial/init-system-helpers_1.57_all.deb" [1]
2024-03-31 11:57:43 URL:http://archive.ubuntu.com/ubuntu/pool/main/i/iproute2/iproute2_5.5.0-1ubuntu1_amd64.deb [857960/857960] -> "/home/mcneilwsu/s24cicd-cmcneil6/focal//var/cache/apt/archives/partial/iproute2_5.5.0-1ubuntu1_amd64.deb" [1]
2024-03-31 11:57:44 URL:http://archive.ubuntu.com/ubuntu/pool/main/i/iputils/iputils-ping_20190709-3_amd64.deb [40120/40120] -> "/home/mcneilwsu/s24cicd-cmcneil6/focal//var/cache/apt/archives/partial/iputils-ping_3%3a20190709-3_amd64.deb" [1]
2024-03-31 11:57:44 URL:http://archive.ubuntu.com/ubuntu/pool/main/i/isc-dhcp/isc-dhcp-client_4.4.1-2.1ubuntu5_amd64.deb [246084/246084] -> "/home/mcneilwsu/s24cicd-cmcneil6/focal//var/cache/apt/archives/partial/isc-dhcp-client_4.4.1-2.1ubuntu5_amd64.deb" [1]
2024-03-31 11:57:44 URL:http://archive.ubuntu.com/ubuntu/pool/main/i/isc-dhcp/isc-dhcp-common_4.4.1-2.1ubuntu5_amd64.deb [44744/44744] -> "/home/mcneilwsu/s24cicd-cmcneil6/focal//var/cache/apt/archives/partial/isc-dhcp-common_4.4.1-2.1ubuntu5_amd64.deb" [1]
2024-03-31 11:57:44 URL:http://archive.ubuntu.com/ubuntu/pool/main/k/kbd/kbd_2.0.4-4ubuntu2_amd64.deb [212556/212556] -> "/home/mcneilwsu/s24cicd-cmcneil6/focal//var/cache/apt/archives/partial/kbd_2.0.4-4ubuntu2_amd64.deb" [1]
2024-03-31 11:57:45 URL:http://archive.ubuntu.com/ubuntu/pool/main/c/console-setup/keyboard-configuration_1.194ubuntu3_all.deb [189552/189552] -> "/home/mcneilwsu/s24cicd-cmcneil6/focal//var/cache/apt/archives/partial/keyboard-configuration_1.194ubuntu3_all.deb" [1]
2024-03-31 11:57:45 URL:http://archive.ubuntu.com/ubuntu/pool/main/k/kmod/kmod_27-1ubuntu2_amd64.deb [93904/93904] -> "/home/mcneilwsu/s24cicd-cmcneil6/focal//var/cache/apt/archives/partial/kmod_27-1ubuntu2_amd64.deb" [1]
2024-03-31 11:57:45 URL:http://archive.ubuntu.com/ubuntu/pool/main/l/less/less_551-1_amd64.deb [125868/125868] -> "/home/mcneilwsu/s24cicd-cmcneil6/focal//var/cache/apt/archives/partial/less_551-1_amd64.deb" [1]
2024-03-31 11:57:45 URL:http://archive.ubuntu.com/ubuntu/pool/main/a/acl/libacl1_2.2.53-6_amd64.deb [18820/18820] -> "/home/mcneilwsu/s24cicd-cmcneil6/focal//var/cache/apt/archives/partial/libacl1_2.2.53-6_amd64.deb" [1]
2024-03-31 11:57:45 URL:http://archive.ubuntu.com/ubuntu/pool/main/a/apparmor/libapparmor1_2.13.3-7ubuntu5_amd64.deb [34252/34252] -> "/home/mcneilwsu/s24cicd-cmcneil6/focal//var/cache/apt/archives/partial/libapparmor1_2.13.3-7ubuntu5_amd64.deb" [1]
2024-03-31 11:57:46 URL:http://archive.ubuntu.com/ubuntu/pool/main/a/apt/libapt-pkg6.0_2.0.2_amd64.deb [833812/833812] -> "/home/mcneilwsu/s24cicd-cmcneil6/focal//var/cache/apt/archives/partial/libapt-pkg6.0_2.0.2_amd64.deb" [1]
2024-03-31 11:57:46 URL:http://archive.ubuntu.com/ubuntu/pool/main/a/argon2/libargon2-1_0~20171227-0.2_amd64.deb [19208/19208] -> "/home/mcneilwsu/s24cicd-cmcneil6/focal//var/cache/apt/archives/partial/libargon2-1_0~20171227-0.2_amd64.deb" [1]
2024-03-31 11:57:46 URL:http://archive.ubuntu.com/ubuntu/pool/main/l/linux-atm/libatm1_2.5.1-4_amd64.deb [21808/21808] -> "/home/mcneilwsu/s24cicd-cmcneil6/focal//var/cache/apt/archives/partial/libatm1_1%3a2.5.1-4_amd64.deb" [1]
2024-03-31 11:57:46 URL:http://archive.ubuntu.com/ubuntu/pool/main/a/attr/libattr1_2.4.48-5_amd64.deb [12748/12748] -> "/home/mcneilwsu/s24cicd-cmcneil6/focal//var/cache/apt/archives/partial/libattr1_1%3a2.4.48-5_amd64.deb" [1]
2024-03-31 11:57:46 URL:http://archive.ubuntu.com/ubuntu/pool/main/a/audit/libaudit-common_2.8.5-2ubuntu6_all.deb [3936/3936] -> "/home/mcneilwsu/s24cicd-cmcneil6/focal//var/cache/apt/archives/partial/libaudit-common_1%3a2.8.5-2ubuntu6_all.deb" [1]
2024-03-31 11:57:46 URL:http://archive.ubuntu.com/ubuntu/pool/main/a/audit/libaudit1_2.8.5-2ubuntu6_amd64.deb [38856/38856] -> "/home/mcneilwsu/s24cicd-cmcneil6/focal//var/cache/apt/archives/partial/libaudit1_1%3a2.8.5-2ubuntu6_amd64.deb" [1]
2024-03-31 11:57:47 URL:http://archive.ubuntu.com/ubuntu/pool/main/u/util-linux/libblkid1_2.34-0.1ubuntu9_amd64.deb [136716/136716] -> "/home/mcneilwsu/s24cicd-cmcneil6/focal//var/cache/apt/archives/partial/libblkid1_2.34-0.1ubuntu9_amd64.deb" [1]
2024-03-31 11:57:47 URL:http://archive.ubuntu.com/ubuntu/pool/main/libb/libbsd/libbsd0_0.10.0-1_amd64.deb [45356/45356] -> "/home/mcneilwsu/s24cicd-cmcneil6/focal//var/cache/apt/archives/partial/libbsd0_0.10.0-1_amd64.deb" [1]
2024-03-31 11:57:47 URL:http://archive.ubuntu.com/ubuntu/pool/main/b/bzip2/libbz2-1.0_1.0.8-2_amd64.deb [32308/32308] -> "/home/mcneilwsu/s24cicd-cmcneil6/focal//var/cache/apt/archives/partial/libbz2-1.0_1.0.8-2_amd64.deb" [1]
2024-03-31 11:57:47 URL:http://archive.ubuntu.com/ubuntu/pool/main/g/glibc/libc-bin_2.31-0ubuntu9_amd64.deb [636004/636004] -> "/home/mcneilwsu/s24cicd-cmcneil6/focal//var/cache/apt/archives/partial/libc-bin_2.31-0ubuntu9_amd64.deb" [1]
2024-03-31 11:57:48 URL:http://archive.ubuntu.com/ubuntu/pool/main/g/glibc/libc6_2.31-0ubuntu9_amd64.deb [2713080/2713080] -> "/home/mcneilwsu/s24cicd-cmcneil6/focal//var/cache/apt/archives/partial/libc6_2.31-0ubuntu9_amd64.deb" [1]
2024-03-31 11:57:48 URL:http://archive.ubuntu.com/ubuntu/pool/main/libc/libcap-ng/libcap-ng0_0.7.9-2.1build1_amd64.deb [11080/11080] -> "/home/mcneilwsu/s24cicd-cmcneil6/focal//var/cache/apt/archives/partial/libcap-ng0_0.7.9-2.1build1_amd64.deb" [1]
2024-03-31 11:57:48 URL:http://archive.ubuntu.com/ubuntu/pool/main/libc/libcap2/libcap2_2.32-1_amd64.deb [15856/15856] -> "/home/mcneilwsu/s24cicd-cmcneil6/focal//var/cache/apt/archives/partial/libcap2_1%3a2.32-1_amd64.deb" [1]
2024-03-31 11:57:48 URL:http://archive.ubuntu.com/ubuntu/pool/main/libc/libcap2/libcap2-bin_2.32-1_amd64.deb [26176/26176] -> "/home/mcneilwsu/s24cicd-cmcneil6/focal//var/cache/apt/archives/partial/libcap2-bin_1%3a2.32-1_amd64.deb" [1]
2024-03-31 11:57:49 URL:http://archive.ubuntu.com/ubuntu/pool/main/e/e2fsprogs/libcom-err2_1.45.5-2ubuntu1_amd64.deb [9544/9544] -> "/home/mcneilwsu/s24cicd-cmcneil6/focal//var/cache/apt/archives/partial/libcom-err2_1.45.5-2ubuntu1_amd64.deb" [1]
2024-03-31 11:57:49 URL:http://archive.ubuntu.com/ubuntu/pool/main/libx/libxcrypt/libcrypt1_4.4.10-10ubuntu4_amd64.deb [78204/78204] -> "/home/mcneilwsu/s24cicd-cmcneil6/focal//var/cache/apt/archives/partial/libcrypt1_1%3a4.4.10-10ubuntu4_amd64.deb" [1]
2024-03-31 11:57:49 URL:http://archive.ubuntu.com/ubuntu/pool/main/c/cryptsetup/libcryptsetup12_2.2.2-3ubuntu2_amd64.deb [182008/182008] -> "/home/mcneilwsu/s24cicd-cmcneil6/focal//var/cache/apt/archives/partial/libcryptsetup12_2%3a2.2.2-3ubuntu2_amd64.deb" [1]
2024-03-31 11:57:49 URL:http://archive.ubuntu.com/ubuntu/pool/main/d/db5.3/libdb5.3_5.3.28+dfsg1-0.6ubuntu2_amd64.deb [675076/675076] -> "/home/mcneilwsu/s24cicd-cmcneil6/focal//var/cache/apt/archives/partial/libdb5.3_5.3.28+dfsg1-0.6ubuntu2_amd64.deb" [1]
2024-03-31 11:57:50 URL:http://archive.ubuntu.com/ubuntu/pool/main/d/dbus/libdbus-1-3_1.12.16-2ubuntu2_amd64.deb [179168/179168] -> "/home/mcneilwsu/s24cicd-cmcneil6/focal//var/cache/apt/archives/partial/libdbus-1-3_1.12.16-2ubuntu2_amd64.deb" [1]
2024-03-31 11:57:50 URL:http://archive.ubuntu.com/ubuntu/pool/main/c/cdebconf/libdebconfclient0_0.251ubuntu1_amd64.deb [6160/6160] -> "/home/mcneilwsu/s24cicd-cmcneil6/focal//var/cache/apt/archives/partial/libdebconfclient0_0.251ubuntu1_amd64.deb" [1]
2024-03-31 11:57:50 URL:http://archive.ubuntu.com/ubuntu/pool/main/l/lvm2/libdevmapper1.02.1_1.02.167-1ubuntu1_amd64.deb [127216/127216] -> "/home/mcneilwsu/s24cicd-cmcneil6/focal//var/cache/apt/archives/partial/libdevmapper1.02.1_2%3a1.02.167-1ubuntu1_amd64.deb" [1]
gpgv: Signature made Thu Apr 23 13:34:17 2020 EDT
gpgv:                using RSA key 3B4FE6ACC0B21F32
gpgv: Good signature from "Ubuntu Archive Automatic Signing Key (2012) <ftpmaster@ubuntu.com>"
gpgv: Signature made Thu Apr 23 13:34:17 2020 EDT
gpgv:                using RSA key 871920D1991BC93C
gpgv: Good signature from "Ubuntu Archive Automatic Signing Key (2018) <ftpmaster@ubuntu.com>"
2024-03-31 11:57:59 URL:http://archive.ubuntu.com/ubuntu/pool/main/b/bind9-libs/libdns-export1109_9.11.16+dfsg-3~build1_amd64.deb [767176/767176] -> "/home/mcneilwsu/s24cicd-cmcneil6/focal//var/cache/apt/archives/partial/libdns-export1109_1%3a9.11.16+dfsg-3~build1_amd64.deb" [1]
gpgv: Signature made Thu Apr 23 13:34:17 2020 EDT
gpgv:                using RSA key 3B4FE6ACC0B21F32
gpgv: Good signature from "Ubuntu Archive Automatic Signing Key (2012) <ftpmaster@ubuntu.com>"
gpgv: Signature made Thu Apr 23 13:34:17 2020 EDT
gpgv:                using RSA key 871920D1991BC93C
gpgv: Good signature from "Ubuntu Archive Automatic Signing Key (2018) <ftpmaster@ubuntu.com>"
2024-03-31 12:12:45 URL:http://archive.ubuntu.com/ubuntu/pool/main/e/elfutils/libelf1_0.176-1.1build1_amd64.deb [44004/44004] -> "/home/mcneilwsu/s24cicd-cmcneil6/focal//var/cache/apt/archives/partial/libelf1_0.176-1.1build1_amd64.deb" [1]
2024-03-31 12:12:45 URL:http://archive.ubuntu.com/ubuntu/pool/main/libe/libestr/libestr0_0.1.10-2.1_amd64.deb [7616/7616] -> "/home/mcneilwsu/s24cicd-cmcneil6/focal//var/cache/apt/archives/partial/libestr0_0.1.10-2.1_amd64.deb" [1]
2024-03-31 12:12:46 URL:http://archive.ubuntu.com/ubuntu/pool/main/e/expat/libexpat1_2.2.9-1build1_amd64.deb [73292/73292] -> "/home/mcneilwsu/s24cicd-cmcneil6/focal//var/cache/apt/archives/partial/libexpat1_2.2.9-1build1_amd64.deb" [1]
2024-03-31 12:12:46 URL:http://archive.ubuntu.com/ubuntu/pool/main/e/e2fsprogs/libext2fs2_1.45.5-2ubuntu1_amd64.deb [183048/183048] -> "/home/mcneilwsu/s24cicd-cmcneil6/focal//var/cache/apt/archives/partial/libext2fs2_1.45.5-2ubuntu1_amd64.deb" [1]
2024-03-31 12:12:47 URL:http://archive.ubuntu.com/ubuntu/pool/main/libf/libfastjson/libfastjson4_0.99.8-2_amd64.deb [20212/20212] -> "/home/mcneilwsu/s24cicd-cmcneil6/focal//var/cache/apt/archives/partial/libfastjson4_0.99.8-2_amd64.deb" [1]
2024-03-31 12:12:47 URL:http://archive.ubuntu.com/ubuntu/pool/main/u/util-linux/libfdisk1_2.34-0.1ubuntu9_amd64.deb [174532/174532] -> "/home/mcneilwsu/s24cicd-cmcneil6/focal//var/cache/apt/archives/partial/libfdisk1_2.34-0.1ubuntu9_amd64.deb" [1]
2024-03-31 12:12:48 URL:http://archive.ubuntu.com/ubuntu/pool/main/libf/libffi/libffi7_3.3-4_amd64.deb [19688/19688] -> "/home/mcneilwsu/s24cicd-cmcneil6/focal//var/cache/apt/archives/partial/libffi7_3.3-4_amd64.deb" [1]
2024-03-31 12:12:48 URL:http://archive.ubuntu.com/ubuntu/pool/main/f/fribidi/libfribidi0_1.0.8-2_amd64.deb [23768/23768] -> "/home/mcneilwsu/s24cicd-cmcneil6/focal//var/cache/apt/archives/partial/libfribidi0_1.0.8-2_amd64.deb" [1]
gpgv: Signature made Thu Apr 23 13:34:17 2020 EDT
gpgv:                using RSA key 3B4FE6ACC0B21F32
gpgv: Good signature from "Ubuntu Archive Automatic Signing Key (2012) <ftpmaster@ubuntu.com>"
gpgv: Signature made Thu Apr 23 13:34:17 2020 EDT
gpgv:                using RSA key 871920D1991BC93C
gpgv: Good signature from "Ubuntu Archive Automatic Signing Key (2018) <ftpmaster@ubuntu.com>"
